<?xml version="1.0" encoding="UTF-8"?>
<!-- Generated by org.testng.reporters.JUnitReportReporter -->
<testsuite hostname="LAPTOP-BGEO63M0" failures="0" tests="16" name="com.example.demo.community.service.impl.CommunityServiceImplTestNG" time="2.762" errors="2" timestamp="2025-10-24T05:25:30 ICT" skipped="0">
  <testcase classname="com.example.demo.community.service.impl.CommunityServiceImplTestNG" name="deleteComment_Success_ByAuthor" time="0.011"/>
  <testcase classname="com.example.demo.community.service.impl.CommunityServiceImplTestNG" name="postComment_WithMention_Success" time="0.016"/>
  <testcase classname="com.example.demo.community.service.impl.CommunityServiceImplTestNG" name="postComment_Success_ByOwnerThemselves" time="0.009"/>
  <testcase classname="com.example.demo.community.service.impl.CommunityServiceImplTestNG" name="postComment_Success_ByAnotherMember" time="0.014"/>
  <testcase classname="com.example.demo.community.service.impl.CommunityServiceImplTestNG" name="updateComment_Fail_NotAuthor" time="0.007"/>
  <testcase classname="com.example.demo.community.service.impl.CommunityServiceImplTestNG" name="addOrUpdateReaction_UpdateExisting_Success" time="0.015"/>
  <testcase classname="com.example.demo.community.service.impl.CommunityServiceImplTestNG" name="updateComment_Success_ByAuthor" time="0.008"/>
  <testcase classname="com.example.demo.community.service.impl.CommunityServiceImplTestNG" name="deleteComment_Success_ByPlanOwner" time="0.008"/>
  <testcase classname="com.example.demo.community.service.impl.CommunityServiceImplTestNG" name="removeReaction_Success" time="2.466"/>
  <testcase classname="com.example.demo.community.service.impl.CommunityServiceImplTestNG" name="deleteComment_Fail_NotAuthorOrOwner" time="0.013"/>
  <testcase classname="com.example.demo.community.service.impl.CommunityServiceImplTestNG" name="updateComment_WithNewMention" time="0.011"/>
  <testcase classname="com.example.demo.community.service.impl.CommunityServiceImplTestNG" name="removeReaction_NotFound" time="0.008"/>
  <testcase classname="com.example.demo.community.service.impl.CommunityServiceImplTestNG" name="addOrUpdateReaction_ByOwnerThemselves" time="0.009">
    <error message="Không tìm thấy tiến độ với ID: 1" type="com.example.demo.shared.exception.ResourceNotFoundException">
      <![CDATA[com.example.demo.shared.exception.ResourceNotFoundException: Không tìm thấy tiến độ với ID: 1
at com.example.demo.community.service.impl.CommunityServiceImpl.lambda$6(CommunityServiceImpl.java:268)
at java.base/java.util.Optional.orElseThrow(Optional.java:403)
at com.example.demo.community.service.impl.CommunityServiceImpl.findProgressByIdWithDetails(CommunityServiceImpl.java:268)
at com.example.demo.community.service.impl.CommunityServiceImpl.addOrUpdateReaction(CommunityServiceImpl.java:210)
at com.example.demo.community.service.impl.CommunityServiceImplTestNG.addOrUpdateReaction_ByOwnerThemselves(CommunityServiceImplTestNG.java:346)
at java.base/jdk.internal.reflect.NativeMethodAccessorImpl.invoke0(Native Method)
at java.base/jdk.internal.reflect.NativeMethodAccessorImpl.invoke(NativeMethodAccessorImpl.java:77)
at java.base/jdk.internal.reflect.DelegatingMethodAccessorImpl.invoke(DelegatingMethodAccessorImpl.java:43)
at java.base/java.lang.reflect.Method.invoke(Method.java:568)
at org.testng.internal.invokers.MethodInvocationHelper.invokeMethod(MethodInvocationHelper.java:141)
at org.testng.internal.invokers.TestInvoker.invokeMethod(TestInvoker.java:686)
at org.testng.internal.invokers.TestInvoker.invokeTestMethod(TestInvoker.java:230)
at org.testng.internal.invokers.MethodRunner.runInSequence(MethodRunner.java:63)
at org.testng.internal.invokers.TestInvoker$MethodInvocationAgent.invoke(TestInvoker.java:992)
at org.testng.internal.invokers.TestInvoker.invokeTestMethods(TestInvoker.java:203)
at org.testng.internal.invokers.TestMethodWorker.invokeTestMethods(TestMethodWorker.java:154)
at org.testng.internal.invokers.TestMethodWorker.run(TestMethodWorker.java:134)
at java.base/java.util.ArrayList.forEach(ArrayList.java:1511)
at org.testng.TestRunner.privateRun(TestRunner.java:739)
at org.testng.TestRunner.run(TestRunner.java:614)
at org.testng.SuiteRunner.runTest(SuiteRunner.java:421)
at org.testng.SuiteRunner.runSequentially(SuiteRunner.java:413)
at org.testng.SuiteRunner.privateRun(SuiteRunner.java:373)
at org.testng.SuiteRunner.run(SuiteRunner.java:312)
at org.testng.SuiteRunnerWorker.runSuite(SuiteRunnerWorker.java:52)
at org.testng.SuiteRunnerWorker.run(SuiteRunnerWorker.java:95)
at org.testng.TestNG.runSuitesSequentially(TestNG.java:1274)
at org.testng.TestNG.runSuitesLocally(TestNG.java:1208)
at org.testng.TestNG.runSuites(TestNG.java:1112)
at org.testng.TestNG.run(TestNG.java:1079)
at org.testng.remote.AbstractRemoteTestNG.run(AbstractRemoteTestNG.java:115)
at org.testng.remote.RemoteTestNG.initAndRun(RemoteTestNG.java:293)
at org.testng.remote.RemoteTestNG.main(RemoteTestNG.java:91)
]]>
    </error>
  </testcase> <!-- addOrUpdateReaction_ByOwnerThemselves -->
  <testcase classname="com.example.demo.community.service.impl.CommunityServiceImplTestNG" name="addOrUpdateReaction_AddNew_Success" time="0.149"/>
  <testcase classname="com.example.demo.community.service.impl.CommunityServiceImplTestNG" name="postComment_UserNotMember" time="0.007"/>
  <testcase classname="com.example.demo.community.service.impl.CommunityServiceImplTestNG" name="addOrUpdateReaction_SameType_NoNotification" time="0.011">
    <error message="Không tìm thấy tiến độ với ID: 1" type="com.example.demo.shared.exception.ResourceNotFoundException">
      <![CDATA[com.example.demo.shared.exception.ResourceNotFoundException: Không tìm thấy tiến độ với ID: 1
at com.example.demo.community.service.impl.CommunityServiceImpl.lambda$6(CommunityServiceImpl.java:268)
at java.base/java.util.Optional.orElseThrow(Optional.java:403)
at com.example.demo.community.service.impl.CommunityServiceImpl.findProgressByIdWithDetails(CommunityServiceImpl.java:268)
at com.example.demo.community.service.impl.CommunityServiceImpl.addOrUpdateReaction(CommunityServiceImpl.java:210)
at com.example.demo.community.service.impl.CommunityServiceImplTestNG.addOrUpdateReaction_SameType_NoNotification(CommunityServiceImplTestNG.java:331)
at java.base/jdk.internal.reflect.NativeMethodAccessorImpl.invoke0(Native Method)
at java.base/jdk.internal.reflect.NativeMethodAccessorImpl.invoke(NativeMethodAccessorImpl.java:77)
at java.base/jdk.internal.reflect.DelegatingMethodAccessorImpl.invoke(DelegatingMethodAccessorImpl.java:43)
at java.base/java.lang.reflect.Method.invoke(Method.java:568)
at org.testng.internal.invokers.MethodInvocationHelper.invokeMethod(MethodInvocationHelper.java:141)
at org.testng.internal.invokers.TestInvoker.invokeMethod(TestInvoker.java:686)
at org.testng.internal.invokers.TestInvoker.invokeTestMethod(TestInvoker.java:230)
at org.testng.internal.invokers.MethodRunner.runInSequence(MethodRunner.java:63)
at org.testng.internal.invokers.TestInvoker$MethodInvocationAgent.invoke(TestInvoker.java:992)
at org.testng.internal.invokers.TestInvoker.invokeTestMethods(TestInvoker.java:203)
at org.testng.internal.invokers.TestMethodWorker.invokeTestMethods(TestMethodWorker.java:154)
at org.testng.internal.invokers.TestMethodWorker.run(TestMethodWorker.java:134)
at java.base/java.util.ArrayList.forEach(ArrayList.java:1511)
at org.testng.TestRunner.privateRun(TestRunner.java:739)
at org.testng.TestRunner.run(TestRunner.java:614)
at org.testng.SuiteRunner.runTest(SuiteRunner.java:421)
at org.testng.SuiteRunner.runSequentially(SuiteRunner.java:413)
at org.testng.SuiteRunner.privateRun(SuiteRunner.java:373)
at org.testng.SuiteRunner.run(SuiteRunner.java:312)
at org.testng.SuiteRunnerWorker.runSuite(SuiteRunnerWorker.java:52)
at org.testng.SuiteRunnerWorker.run(SuiteRunnerWorker.java:95)
at org.testng.TestNG.runSuitesSequentially(TestNG.java:1274)
at org.testng.TestNG.runSuitesLocally(TestNG.java:1208)
at org.testng.TestNG.runSuites(TestNG.java:1112)
at org.testng.TestNG.run(TestNG.java:1079)
at org.testng.remote.AbstractRemoteTestNG.run(AbstractRemoteTestNG.java:115)
at org.testng.remote.RemoteTestNG.initAndRun(RemoteTestNG.java:293)
at org.testng.remote.RemoteTestNG.main(RemoteTestNG.java:91)
]]>
    </error>
  </testcase> <!-- addOrUpdateReaction_SameType_NoNotification -->
</testsuite> <!-- com.example.demo.community.service.impl.CommunityServiceImplTestNG -->
